25/11/04 17:25:56 25340 sl135458 UKNML15445 db-regist 1
25/11/04 17:25:56 25340 sl135458 UKNML15445 db-open
25/11/04 17:25:56 25340 sl135458 UKNML15445 utl-bkupcopy C:\Projects\0000\A-0000-0000-01-A\df\.A-0000-0000-01-A.mdgn.bk 0
25/11/04 17:25:56 25340 sl135458 UKNML15445 utl-bkupcopy C:\Projects\0000\A-0000-0000-01-A\df\.A-0000-0000-01-A.mdgn.bk 0
25/11/04 17:26:08 25340 sl135458 UKNML15445 db-save
25/11/04 17:26:08 25340 sl135458 UKNML15445 db-regist 1
25/11/04 17:26:08 25340 sl135458 UKNML15445 db-open
25/11/04 17:26:08 25340 sl135458 UKNML15445 db-close
25/11/04 17:26:08 25340 sl135458 UKNML15445 db-unregist 1
25/11/04 17:26:09 25340 sl135458 UKNML15445 db-close
25/11/04 17:26:09 25340 sl135458 UKNML15445 utl-bkuprecover C:\Projects\0000\A-0000-0000-01-A\df\.A-0000-0000-01-A.mdgn.bk 1
25/11/04 17:26:09 25340 sl135458 UKNML15445 utl-unlink C:\Projects\0000\A-0000-0000-01-A\df\.A-0000-0000-01-A.mdgn.bk
25/11/04 17:26:09 25340 sl135458 UKNML15445 db-unregistall 1
26/01/20 15:29:57 16016 bb155134 UKNML15564 db-regist 1
26/01/20 15:29:57 16016 bb155134 UKNML15564 db-open
26/01/20 15:29:57 16016 bb155134 UKNML15564 db-close
26/01/20 15:29:57 16016 bb155134 UKNML15564 db-unregistall 1
26/01/20 15:31:28 19660 bb155134 UKNML15564 db-regist 1
26/01/20 15:31:28 19660 bb155134 UKNML15564 db-open
26/01/20 15:31:30 19660 bb155134 UKNML15564 db-close
26/01/20 15:31:30 19660 bb155134 UKNML15564 db-unregistall 1
26/03/05 14:21:15 35376 bb155134 UKNML15564 db-regist 1
26/03/05 14:21:15 35376 bb155134 UKNML15564 db-open
26/03/05 14:21:15 35376 bb155134 UKNML15564 utl-bkupcopy C:\projects\5694\A-5694-2010-02-A\df\.A-5694-2010-02-A.mdgn.bk 0
26/03/05 14:21:15 35376 bb155134 UKNML15564 utl-bkupcopy C:\projects\5694\A-5694-2010-02-A\df\.A-5694-2010-02-A.mdgn.bk 0
26/03/05 14:21:36 35376 bb155134 UKNML15564 db-close
26/03/05 14:21:36 35376 bb155134 UKNML15564 utl-bkuprecover C:\projects\5694\A-5694-2010-02-A\df\.A-5694-2010-02-A.mdgn.bk 1
26/03/05 14:21:36 35376 bb155134 UKNML15564 utl-unlink C:\projects\5694\A-5694-2010-02-A\df\.A-5694-2010-02-A.mdgn.bk
26/03/05 14:21:36 35376 bb155134 UKNML15564 db-unregistall 1
